<?xml version="1.0" encoding="UTF-8"?>
<!-- Generated by org.testng.reporters.JUnitReportReporter -->
<testsuite hostname="HAEI-GDC-025" failures="0" tests="4" name="testcases.TC005_Dashboard" time="226.507" errors="0" timestamp="16 Jun 2023 10:05:00 GMT">
  <testcase classname="testcases.TC005_Dashboard" name="DashboardClickRemoteClimateStartStop" time="72.027"/>
  <testcase classname="testcases.TC005_Dashboard" name="DashboardClickDoorUnLock" time="61.200"/>
  <testcase classname="testcases.TC005_Dashboard" name="DashboardLastRefreshExist" time="33.493"/>
  <testcase classname="testcases.TC005_Dashboard" name="DashboardClickDoorLock" time="59.787"/>
</testsuite> <!-- testcases.TC005_Dashboard -->
