<?xml version="1.0" encoding="UTF-8"?>
<!-- Generated by org.testng.reporters.JUnitReportReporter -->
<testsuite hostname="HAEI-GDC-025" failures="0" tests="5" name="testcases.TC002_Login" time="194.257" errors="0" timestamp="16 Jun 2023 10:05:00 GMT">
  <testcase classname="testcases.TC002_Login" name="verifyForgotPassword" time="7.194"/>
  <testcase classname="testcases.TC002_Login" name="verifyLoginIn" time="10.399"/>
  <testcase classname="testcases.TC002_Login" name="verifyRememberMecheckbox" time="143.967"/>
  <testcase classname="testcases.TC002_Login" name="verifySignInIsDisplayed" time="6.690"/>
  <testcase classname="testcases.TC002_Login" name="verifyLogout" time="26.007"/>
</testsuite> <!-- testcases.TC002_Login -->
