<?xml version="1.0" encoding="UTF-8"?>
<!-- Generated by org.testng.reporters.JUnitReportReporter -->
<testsuite hostname="HAEI-GDC-025" failures="0" tests="2" name="testcases.TC004_MyVehicles" time="45.566" errors="0" timestamp="16 Jun 2023 10:05:00 GMT">
  <testcase classname="testcases.TC004_MyVehicles" name="myVehiclesClickAddvehicle" time="11.935"/>
  <testcase classname="testcases.TC004_MyVehicles" name="myVehiclesPickTheVehicle" time="33.631"/>
</testsuite> <!-- testcases.TC004_MyVehicles -->
